MIF/HEX Update report for Pacman
Tue Mar 20 17:55:43 2018
Quartus Prime Version 17.0.0 Build 595 04/25/2017 SJ Standard Edition


---------------------
; Table of Contents ;
---------------------
  1. Legal Notice
  2. MIF/HEX Update Summary
  3. MIF/HEX Update Processed Files
  4. MIF/HEX Update Messages



----------------
; Legal Notice ;
----------------
Copyright (C) 2017  Intel Corporation. All rights reserved.
Your use of Intel Corporation's design tools, logic functions 
and other software and tools, and its AMPP partner logic 
functions, and any output files from any of the foregoing 
(including device programming or simulation files), and any 
associated documentation or information are expressly subject 
to the terms and conditions of the Intel Program License 
Subscription Agreement, the Intel Quartus Prime License Agreement,
the Intel MegaCore Function License Agreement, or other 
applicable license agreement, including, without limitation, 
that your use is for the sole purpose of programming logic 
devices manufactured by Intel and sold by Intel or its 
authorized distributors.  Please refer to the applicable 
agreement for further details.



+---------------------------------------------------------------+
; MIF/HEX Update Summary                                        ;
+-----------------------+---------------------------------------+
; MIF/HEX Update Status ; Successful - Tue Mar 20 17:55:43 2018 ;
; Revision Name         ; Pacman                                ;
; Top-level Entity Name ; Pacman                                ;
; Family                ; Cyclone V                             ;
; Device                ; 5CSEMA5F31C6                          ;
+-----------------------+---------------------------------------+


+-----------------------------------------------------------------+
; MIF/HEX Update Processed Files                                  ;
+-----------------------------------------------------------------+
; File Name                                                       ;
+-----------------------------------------------------------------+
; //SRVA/Homes$/kartonoe/Desktop/pacman-from-fpga/src/black.mif   ;
; //SRVA/Homes$/kartonoe/Desktop/pacman-from-fpga/src/mapdata.mif ;
+-----------------------------------------------------------------+


+-------------------------+
; MIF/HEX Update Messages ;
+-------------------------+
Info: *******************************************************************
Info: Running Quartus Prime MIF/HEX Update
    Info: Version 17.0.0 Build 595 04/25/2017 SJ Standard Edition
    Info: Processing started: Tue Mar 20 17:55:39 2018
Info: Command: quartus_cdb Pacman -c Pacman --update_mif
Warning (113028): 71 out of 512 addresses are uninitialized. The Quartus Prime software will initialize them to "0". There are 1 warnings found, and 1 warnings are reported. File: //SRVA/Homes$/kartonoe/Desktop/pacman-from-fpga/src/mapdata.mif Line: 1
    Warning (113027): Addresses ranging from 441 to 511 are not initialized File: //SRVA/Homes$/kartonoe/Desktop/pacman-from-fpga/src/mapdata.mif Line: 1
Info (39024): Processed the following Memory Initialization File(s)
    Info (39025): Processed Memory Initialization File //SRVA/Homes$/kartonoe/Desktop/pacman-from-fpga/src/black.mif File: //SRVA/Homes$/kartonoe/Desktop/pacman-from-fpga/src/black.mif Line: 0
    Info (39025): Processed Memory Initialization File //SRVA/Homes$/kartonoe/Desktop/pacman-from-fpga/src/mapdata.mif File: //SRVA/Homes$/kartonoe/Desktop/pacman-from-fpga/src/mapdata.mif Line: 0
Info: Quartus Prime MIF/HEX Update was successful. 0 errors, 2 warnings
    Info: Peak virtual memory: 744 megabytes
    Info: Processing ended: Tue Mar 20 17:55:43 2018
    Info: Elapsed time: 00:00:04
    Info: Total CPU time (on all processors): 00:00:03


